12:46:41.030 [TestNG-tests-2] INFO  testCases.TC001_AccountRegistrationTest - ***** Finished TC001_AccountRegistrationTest ***
12:46:42.008 [TestNG-tests-3] INFO  testCases.TC001_AccountRegistrationTest - ***** Validating expected message ***
12:46:42.553 [TestNG-tests-3] INFO  testCases.TC001_AccountRegistrationTest - ***** Finished TC001_AccountRegistrationTest ***
15:37:30.985 [TestNG-tests-2] INFO  testCases.TC001_AccountRegistrationTest - ***** Starting TC001_AccountRegistrationTest ***
15:37:34.770 [TestNG-tests-1] INFO  testCases.TC001_AccountRegistrationTest - ***** Starting TC001_AccountRegistrationTest ***
15:37:37.085 [TestNG-tests-2] INFO  testCases.TC001_AccountRegistrationTest - ***** Clicked on My Account link ***
15:37:43.709 [TestNG-tests-2] INFO  testCases.TC001_AccountRegistrationTest - ***** Clicked on Register link ***
15:37:43.723 [TestNG-tests-2] INFO  testCases.TC001_AccountRegistrationTest - ***** Providing customer details ***
15:37:49.154 [TestNG-tests-1] INFO  testCases.TC001_AccountRegistrationTest - ***** Clicked on My Account link ***
15:38:02.024 [TestNG-tests-2] INFO  testCases.TC001_AccountRegistrationTest - ***** Validating expected message ***
15:38:02.136 [TestNG-tests-2] INFO  testCases.TC001_AccountRegistrationTest - ***** Finished TC001_AccountRegistrationTest ***
15:38:05.295 [TestNG-tests-3] INFO  testCases.TC001_AccountRegistrationTest - ***** Starting TC001_AccountRegistrationTest ***
15:38:08.004 [TestNG-tests-3] INFO  testCases.TC001_AccountRegistrationTest - ***** Clicked on My Account link ***
15:38:09.115 [TestNG-tests-1] INFO  testCases.TC001_AccountRegistrationTest - ***** Clicked on Register link ***
15:38:09.117 [TestNG-tests-1] INFO  testCases.TC001_AccountRegistrationTest - ***** Providing customer details ***
15:38:12.517 [TestNG-tests-3] INFO  testCases.TC001_AccountRegistrationTest - ***** Clicked on Register link ***
15:38:12.522 [TestNG-tests-3] INFO  testCases.TC001_AccountRegistrationTest - ***** Providing customer details ***
15:38:19.397 [TestNG-tests-3] INFO  testCases.TC001_AccountRegistrationTest - ***** Validating expected message ***
15:38:20.019 [TestNG-tests-3] INFO  testCases.TC001_AccountRegistrationTest - ***** Finished TC001_AccountRegistrationTest ***
15:38:20.818 [TestNG-tests-1] INFO  testCases.TC001_AccountRegistrationTest - ***** Validating expected message ***
15:38:21.089 [TestNG-tests-1] INFO  testCases.TC001_AccountRegistrationTest - ***** Finished TC001_AccountRegistrationTest ***
02:52:32.094 [main] INFO  testCases.TC002_LoginTest - Starting TC002_LoginTest
02:56:54.418 [main] INFO  testCases.TC002_LoginTest - Starting TC002_LoginTest
02:59:20.295 [main] INFO  testCases.TC002_LoginTest - Starting TC002_LoginTest
12:55:49.388 [main] INFO  testCases.TC003_LoginDDT - ***starting TC003_LoginDDT****
12:55:51.162 [main] INFO  testCases.TC003_LoginDDT - ***starting TC003_LoginDDT****
12:55:52.596 [main] INFO  testCases.TC003_LoginDDT - ***starting TC003_LoginDDT****
12:55:53.897 [main] INFO  testCases.TC003_LoginDDT - ***starting TC003_LoginDDT****
12:55:55.283 [main] INFO  testCases.TC003_LoginDDT - ***starting TC003_LoginDDT****
12:55:56.539 [main] INFO  testCases.TC003_LoginDDT - ***starting TC003_LoginDDT****
13:01:40.563 [main] INFO  testCases.TC003_LoginDDT - ***starting TC003_LoginDDT****
13:01:42.496 [main] INFO  testCases.TC003_LoginDDT - ***starting TC003_LoginDDT****
13:01:43.906 [main] INFO  testCases.TC003_LoginDDT - ***starting TC003_LoginDDT****
13:01:45.133 [main] INFO  testCases.TC003_LoginDDT - ***starting TC003_LoginDDT****
13:01:46.330 [main] INFO  testCases.TC003_LoginDDT - ***starting TC003_LoginDDT****
13:01:47.446 [main] INFO  testCases.TC003_LoginDDT - ***starting TC003_LoginDDT****
13:37:45.794 [main] INFO  testCases.TC001_AccountRegistrationTest - ***** Starting TC001_AccountRegistrationTest ***
13:37:46.576 [main] INFO  testCases.TC001_AccountRegistrationTest - ***** Clicked on My Account link ***
13:37:47.904 [main] INFO  testCases.TC001_AccountRegistrationTest - ***** Clicked on Register link ***
13:37:48.074 [main] INFO  testCases.TC001_AccountRegistrationTest - ***** Providing customer details ***
13:37:53.372 [main] INFO  testCases.TC001_AccountRegistrationTest - ***** Validating expected message ***
13:37:53.522 [main] INFO  testCases.TC001_AccountRegistrationTest - ***** Finished TC001_AccountRegistrationTest ***
13:38:11.129 [main] INFO  testCases.TC002_LoginTest - Starting TC002_LoginTest
13:41:51.038 [main] INFO  testCases.TC001_AccountRegistrationTest - ***** Starting TC001_AccountRegistrationTest ***
13:41:51.670 [main] INFO  testCases.TC001_AccountRegistrationTest - ***** Clicked on My Account link ***
13:41:53.002 [main] INFO  testCases.TC001_AccountRegistrationTest - ***** Clicked on Register link ***
13:41:53.047 [main] INFO  testCases.TC001_AccountRegistrationTest - ***** Providing customer details ***
13:41:57.684 [main] INFO  testCases.TC001_AccountRegistrationTest - ***** Validating expected message ***
