13:41:57.835 [main] INFO  testCases.TC001_AccountRegistrationTest - ***** Finished TC001_AccountRegistrationTest ***
13:42:08.707 [main] INFO  testCases.TC002_LoginTest - Starting TC002_LoginTest
13:51:36.775 [main] INFO  testCases.TC002_LoginTest - Starting TC002_LoginTest
14:01:44.915 [main] INFO  testCases.TC002_LoginTest - Starting TC002_LoginTest
14:05:26.228 [main] INFO  testCases.TC002_LoginTest - Starting TC002_LoginTest
14:18:05.350 [main] INFO  testCases.TC002_LoginTest - Starting TC002_LoginTest
14:18:12.139 [main] INFO  testCases.TC002_LoginTest - ****Finished TC002_LoginTest***
14:50:07.248 [main] INFO  testCases.TC001_AccountRegistrationTest - ***** Starting TC001_AccountRegistrationTest ***
14:50:07.909 [main] INFO  testCases.TC001_AccountRegistrationTest - ***** Clicked on My Account link ***
14:50:11.833 [main] INFO  testCases.TC001_AccountRegistrationTest - ***** Clicked on Register link ***
14:50:11.865 [main] INFO  testCases.TC001_AccountRegistrationTest - ***** Providing customer details ***
14:50:23.017 [main] INFO  testCases.TC001_AccountRegistrationTest - ***** Validating expected message ***
14:50:23.190 [main] INFO  testCases.TC001_AccountRegistrationTest - ***** Finished TC001_AccountRegistrationTest ***
14:50:37.159 [main] INFO  testCases.TC002_LoginTest - Starting TC002_LoginTest
14:50:41.560 [main] INFO  testCases.TC002_LoginTest - ****Finished TC002_LoginTest***
17:31:20.845 [main] INFO  testCases.TC001_AccountRegistrationTest - ***** Starting TC001_AccountRegistrationTest ***
17:31:21.734 [main] INFO  testCases.TC001_AccountRegistrationTest - ***** Clicked on My Account link ***
17:31:24.934 [main] INFO  testCases.TC001_AccountRegistrationTest - ***** Clicked on Register link ***
17:31:24.955 [main] INFO  testCases.TC001_AccountRegistrationTest - ***** Providing customer details ***
17:31:31.260 [main] INFO  testCases.TC001_AccountRegistrationTest - ***** Validating expected message ***
17:31:31.514 [main] INFO  testCases.TC001_AccountRegistrationTest - ***** Finished TC001_AccountRegistrationTest ***
17:31:43.546 [main] INFO  testCases.TC002_LoginTest - Starting TC002_LoginTest
17:31:48.716 [main] INFO  testCases.TC002_LoginTest - ****Finished TC002_LoginTest***
17:40:38.001 [main] INFO  testCases.TC001_AccountRegistrationTest - ***** Starting TC001_AccountRegistrationTest ***
17:40:39.239 [main] INFO  testCases.TC001_AccountRegistrationTest - ***** Clicked on My Account link ***
17:40:42.291 [main] INFO  testCases.TC001_AccountRegistrationTest - ***** Clicked on Register link ***
17:40:42.320 [main] INFO  testCases.TC001_AccountRegistrationTest - ***** Providing customer details ***
17:40:50.087 [main] INFO  testCases.TC001_AccountRegistrationTest - ***** Validating expected message ***
17:40:50.401 [main] INFO  testCases.TC001_AccountRegistrationTest - ***** Finished TC001_AccountRegistrationTest ***
17:41:06.654 [main] INFO  testCases.TC002_LoginTest - Starting TC002_LoginTest
20:20:34.258 [main] INFO  testCases.TC001_AccountRegistrationTest - ***** Starting TC001_AccountRegistrationTest ***
20:20:34.937 [main] INFO  testCases.TC001_AccountRegistrationTest - ***** Clicked on My Account link ***
20:20:37.752 [main] INFO  testCases.TC001_AccountRegistrationTest - ***** Clicked on Register link ***
20:20:37.829 [main] INFO  testCases.TC001_AccountRegistrationTest - ***** Providing customer details ***
20:20:47.089 [main] INFO  testCases.TC001_AccountRegistrationTest - ***** Validating expected message ***
20:20:47.329 [main] INFO  testCases.TC001_AccountRegistrationTest - ***** Finished TC001_AccountRegistrationTest ***
20:20:59.773 [main] INFO  testCases.TC002_LoginTest - Starting TC002_LoginTest
20:31:33.652 [main] INFO  testCases.TC001_AccountRegistrationTest - ***** Starting TC001_AccountRegistrationTest ***
20:31:34.217 [main] INFO  testCases.TC001_AccountRegistrationTest - ***** Clicked on My Account link ***
20:31:36.061 [main] INFO  testCases.TC001_AccountRegistrationTest - ***** Clicked on Register link ***
20:31:36.077 [main] INFO  testCases.TC001_AccountRegistrationTest - ***** Providing customer details ***
20:31:41.782 [main] INFO  testCases.TC001_AccountRegistrationTest - ***** Validating expected message ***
20:31:41.982 [main] INFO  testCases.TC001_AccountRegistrationTest - ***** Finished TC001_AccountRegistrationTest ***
20:31:53.206 [main] INFO  testCases.TC002_LoginTest - Starting TC002_LoginTest
20:38:51.821 [main] INFO  testCases.TC001_AccountRegistrationTest - ***** Starting TC001_AccountRegistrationTest ***
20:38:52.991 [main] INFO  testCases.TC001_AccountRegistrationTest - ***** Clicked on My Account link ***
20:38:54.322 [main] INFO  testCases.TC001_AccountRegistrationTest - ***** Clicked on Register link ***
20:38:54.338 [main] INFO  testCases.TC001_AccountRegistrationTest - ***** Providing customer details ***
20:39:00.848 [main] INFO  testCases.TC001_AccountRegistrationTest - ***** Validating expected message ***
